2022-05-29 21:35:26 DEBUG ContextListener:63 - ICommand container initialization started
2022-05-29 21:35:26 DEBUG ContextListener:73 - ICommand container initialization finished
2022-05-29 21:35:26 DEBUG ContextListener:39 - I18N subsystem initialization started
2022-05-29 21:35:26 DEBUG ContextListener:52 - Application attribute set: locales --> [ru, en]
2022-05-29 21:35:26 DEBUG ContextListener:56 - I18N subsystem initialization finished
2022-05-29 21:35:26 DEBUG EncodingFilter:32 - Filter initialization starts
2022-05-29 21:35:26 TRACE EncodingFilter:34 - Encoding from web.xml --> utf-8
2022-05-29 21:35:26 DEBUG EncodingFilter:35 - Filter initialization finished
2022-05-29 21:35:26 DEBUG SecurityFilter:23 - Filter initialization starts
2022-05-29 21:35:26 TRACE SecurityFilter:28 - Access map --> {ADMIN=[main, registration, edit_client, profile, add_tariff, edit_tariff, remove_tariff], CLIENT=[account, personal_data]}
2022-05-29 21:35:26 TRACE SecurityFilter:32 - Common commands --> [pdf_builder, logout, redirect, no_command]
2022-05-29 21:35:26 TRACE SecurityFilter:36 - Out of control commands --> [login, i18n]
2022-05-29 21:35:26 DEBUG SecurityFilter:38 - Filter initialization finished
2022-05-29 21:35:26 DEBUG EncodingFilter:19 - Filter starts
2022-05-29 21:35:26 TRACE EncodingFilter:24 - Request encoding = null, set encoding --> utf-8
2022-05-29 21:35:26 DEBUG EncodingFilter:27 - Filter finished
2022-05-29 21:35:27 DEBUG EncodingFilter:19 - Filter starts
2022-05-29 21:35:27 TRACE EncodingFilter:24 - Request encoding = null, set encoding --> utf-8
2022-05-29 21:35:27 DEBUG EncodingFilter:27 - Filter finished
2022-05-29 21:38:17 DEBUG EncodingFilter:13 - Filter destruction starts
2022-05-29 21:38:17 DEBUG EncodingFilter:15 - Filter destruction finished
2022-05-29 21:38:17 DEBUG SecurityFilter:80 - Filter destruction starts
2022-05-29 21:38:17 DEBUG SecurityFilter:82 - Filter destruction finished
2022-05-29 21:38:36 DEBUG ContextListener:63 - ICommand container initialization started
2022-05-29 21:38:37 DEBUG ContextListener:73 - ICommand container initialization finished
2022-05-29 21:38:37 DEBUG ContextListener:39 - I18N subsystem initialization started
2022-05-29 21:38:37 DEBUG ContextListener:52 - Application attribute set: locales --> [ru, en]
2022-05-29 21:38:37 DEBUG ContextListener:56 - I18N subsystem initialization finished
2022-05-29 21:38:37 DEBUG EncodingFilter:32 - Filter initialization starts
2022-05-29 21:38:37 TRACE EncodingFilter:34 - Encoding from web.xml --> utf-8
2022-05-29 21:38:37 DEBUG EncodingFilter:35 - Filter initialization finished
2022-05-29 21:38:37 DEBUG SecurityFilter:23 - Filter initialization starts
2022-05-29 21:38:37 TRACE SecurityFilter:28 - Access map --> {ADMIN=[main, registration, edit_client, profile, add_tariff, edit_tariff, remove_tariff], CLIENT=[account, personal_data]}
2022-05-29 21:38:37 TRACE SecurityFilter:32 - Common commands --> [pdf_builder, logout, redirect, no_command]
2022-05-29 21:38:37 TRACE SecurityFilter:36 - Out of control commands --> [login, i18n]
2022-05-29 21:38:37 DEBUG SecurityFilter:38 - Filter initialization finished
2022-05-29 21:38:37 DEBUG EncodingFilter:19 - Filter starts
2022-05-29 21:38:37 TRACE EncodingFilter:24 - Request encoding = null, set encoding --> utf-8
2022-05-29 21:38:37 DEBUG EncodingFilter:27 - Filter finished
2022-05-29 21:38:39 DEBUG EncodingFilter:19 - Filter starts
2022-05-29 21:38:39 TRACE EncodingFilter:24 - Request encoding = null, set encoding --> utf-8
2022-05-29 21:38:39 DEBUG EncodingFilter:27 - Filter finished
2022-05-29 21:38:39 DEBUG EncodingFilter:19 - Filter starts
2022-05-29 21:38:39 TRACE EncodingFilter:24 - Request encoding = null, set encoding --> utf-8
2022-05-29 21:38:39 DEBUG EncodingFilter:27 - Filter finished
2022-05-29 21:38:39 DEBUG EncodingFilter:19 - Filter starts
2022-05-29 21:38:39 TRACE EncodingFilter:24 - Request encoding = null, set encoding --> utf-8
2022-05-29 21:38:39 DEBUG EncodingFilter:27 - Filter finished
2022-05-29 21:38:39 DEBUG EncodingFilter:19 - Filter starts
2022-05-29 21:38:39 TRACE EncodingFilter:24 - Request encoding = null, set encoding --> utf-8
2022-05-29 21:38:39 DEBUG EncodingFilter:27 - Filter finished
2022-05-29 21:38:39 DEBUG EncodingFilter:19 - Filter starts
2022-05-29 21:38:39 TRACE EncodingFilter:24 - Request encoding = null, set encoding --> utf-8
2022-05-29 21:38:39 DEBUG EncodingFilter:27 - Filter finished
2022-05-29 21:39:29 DEBUG EncodingFilter:13 - Filter destruction starts
2022-05-29 21:39:29 DEBUG EncodingFilter:15 - Filter destruction finished
2022-05-29 21:39:29 DEBUG SecurityFilter:80 - Filter destruction starts
2022-05-29 21:39:29 DEBUG SecurityFilter:82 - Filter destruction finished
2022-05-29 21:39:44 DEBUG ContextListener:63 - ICommand container initialization started
2022-05-29 21:39:44 DEBUG ContextListener:73 - ICommand container initialization finished
2022-05-29 21:39:44 DEBUG ContextListener:39 - I18N subsystem initialization started
2022-05-29 21:39:44 DEBUG ContextListener:52 - Application attribute set: locales --> [ru, en]
2022-05-29 21:39:44 DEBUG ContextListener:56 - I18N subsystem initialization finished
2022-05-29 21:39:44 DEBUG EncodingFilter:32 - Filter initialization starts
2022-05-29 21:39:44 TRACE EncodingFilter:34 - Encoding from web.xml --> utf-8
2022-05-29 21:39:44 DEBUG EncodingFilter:35 - Filter initialization finished
2022-05-29 21:39:44 DEBUG SecurityFilter:23 - Filter initialization starts
2022-05-29 21:39:44 TRACE SecurityFilter:28 - Access map --> {ADMIN=[main, registration, edit_client, profile, add_tariff, edit_tariff, remove_tariff], CLIENT=[account, personal_data]}
2022-05-29 21:39:44 TRACE SecurityFilter:32 - Common commands --> [pdf_builder, logout, redirect, no_command]
2022-05-29 21:39:44 TRACE SecurityFilter:36 - Out of control commands --> [login, i18n]
2022-05-29 21:39:44 DEBUG SecurityFilter:38 - Filter initialization finished
2022-05-29 21:39:44 DEBUG EncodingFilter:19 - Filter starts
2022-05-29 21:39:44 TRACE EncodingFilter:24 - Request encoding = null, set encoding --> utf-8
2022-05-29 21:39:44 DEBUG EncodingFilter:27 - Filter finished
2022-05-29 21:39:46 DEBUG EncodingFilter:19 - Filter starts
2022-05-29 21:39:46 TRACE EncodingFilter:24 - Request encoding = null, set encoding --> utf-8
2022-05-29 21:39:46 DEBUG EncodingFilter:27 - Filter finished
2022-05-29 21:40:08 DEBUG EncodingFilter:13 - Filter destruction starts
2022-05-29 21:40:08 DEBUG EncodingFilter:15 - Filter destruction finished
2022-05-29 21:40:08 DEBUG SecurityFilter:80 - Filter destruction starts
2022-05-29 21:40:08 DEBUG SecurityFilter:82 - Filter destruction finished
